4146	Blusas princesa	10	0
4145	Blusas	34	0
6163	Chaqueta promocion	10	0
6166	Chaquetas	19	0
6165	Chaquetas	10	0
715	Bolsos importados	3	0
3130	Leguis negro	4	0
3165	Pantalon asisea	1	0
3167	Pantalon asisea	4	0
3117	Sudadera asisea	3	0
3115	Sudadera piedras rojas	2	0
2103	Zapatos ombre 	6	0
2109	Vans jose piedras	5	0
2107	Zapatos charol	5	0
2105	Tennis importados	48	0
2106	Tennis	10	0
2109	Sandalias piedras incrustadas / Gucci	3	0
2108	Bota variada	28	0
3118	Sudadera piedras incrustadas/ Balenciaga	9	0
3116	Sudadera en promoción	4	0
3168	Sudadera importadas	2	0
3166	Pantalon SJ	2	0
3160	Pantalon drill	1	0
3164	Leguis rosado	1	0
716	Bolsos importado	3	0
6169	Chaquetas chaquetas	8	0
6167	Chaquetas diego gaban	2	0
4150	Blosones mickey	13	0
4147	Blusas	8	0